2025-06-26 16:51:12,886 - root - INFO - Weather Dashboard initialized
2025-06-26 16:51:12,887 - root - INFO - Starting Weather Dashboard
2025-06-26 17:02:22,156 - root - INFO - Weather Dashboard initialized
2025-06-26 17:02:22,156 - root - INFO - Starting Weather Dashboard
2025-06-26 17:25:58,762 - root - INFO - File storage initialized at: C:\Users\Petro\repos\weather_dashboard_E_Hunter_Petross\data
2025-06-26 17:25:58,763 - root - INFO - Memory cache service initialized
2025-06-26 17:25:58,763 - root - WARNING - File not found: data\favorite_cities.json
2025-06-26 17:25:58,763 - root - INFO - Weather service initialized
2025-06-26 17:25:58,763 - root - INFO - CLI interface initialized
2025-06-26 17:25:58,782 - root - INFO - All services initialized successfully
2025-06-26 17:25:58,782 - root - INFO - Weather Dashboard application initialized
2025-06-26 17:25:58,782 - root - INFO - Starting Weather Dashboard
2025-06-26 17:38:03,625 - root - INFO - File storage initialized at: C:\Users\Petro\repos\weather_dashboard_E_Hunter_Petross\data
2025-06-26 17:38:03,625 - root - INFO - Memory cache service initialized
2025-06-26 17:38:03,625 - root - WARNING - File not found: data\favorite_cities.json
2025-06-26 17:38:03,626 - root - INFO - Weather service initialized
2025-06-26 17:38:03,626 - root - INFO - CLI interface initialized
2025-06-26 17:38:03,626 - root - INFO - All services initialized successfully
2025-06-26 17:38:03,626 - root - INFO - Weather Dashboard application initialized
2025-06-26 17:38:03,626 - root - INFO - Starting Weather Dashboard
2025-06-26 17:38:19,022 - root - INFO - Final cache stats: {'total_entries': 0, 'active_entries': 0, 'expired_entries': 0, 'cache_keys': []}
